<?xml version="1.0" encoding="UTF-8"?>
<!-- Generated by org.testng.reporters.JUnitXMLReporter -->
<testsuite ignored="0" hostname="DESKTOP-AC17OJ5" failures="0" tests="3" name="Default test" time="0.049" errors="0" timestamp="2022-05-27T11:29:48 ART">
  <testcase classname="EducacionIT.OpenHRM.Test_BonusTrack2b" name="@BeforeTest setUp" time="-1.653661788156E9">
    <failure type="org.testng.TestNGException" message="
Parameter &amp;apos;navegador&amp;apos; is required by BeforeTest on method setUp but has not been marked @Optional or defined
in C:\Users\ReDe\AppData\Local\Temp\testng-eclipse--399633312\testng-customsuite.xml">
      <![CDATA[org.testng.TestNGException: 
Parameter 'navegador' is required by BeforeTest on method setUp but has not been marked @Optional or defined
in C:\Users\ReDe\AppData\Local\Temp\testng-eclipse--399633312\testng-customsuite.xml
at org.testng.internal.Parameters.createParams(Parameters.java:267)
at org.testng.internal.Parameters.createParametersForMethod(Parameters.java:355)
at org.testng.internal.Parameters.createParameters(Parameters.java:684)
at org.testng.internal.Parameters.createConfigurationParameters(Parameters.java:166)
at org.testng.internal.invokers.ConfigInvoker.invokeConfigurations(ConfigInvoker.java:277)
at org.testng.TestRunner.invokeTestConfigurations(TestRunner.java:643)
at org.testng.TestRunner.beforeRun(TestRunner.java:632)
at org.testng.TestRunner.run(TestRunner.java:594)
at org.testng.SuiteRunner.runTest(SuiteRunner.java:433)
at org.testng.SuiteRunner.runSequentially(SuiteRunner.java:427)
at org.testng.SuiteRunner.privateRun(SuiteRunner.java:387)
at org.testng.SuiteRunner.run(SuiteRunner.java:330)
at org.testng.SuiteRunnerWorker.runSuite(SuiteRunnerWorker.java:52)
at org.testng.SuiteRunnerWorker.run(SuiteRunnerWorker.java:95)
at org.testng.TestNG.runSuitesSequentially(TestNG.java:1256)
at org.testng.TestNG.runSuitesLocally(TestNG.java:1176)
at org.testng.TestNG.runSuites(TestNG.java:1099)
at org.testng.TestNG.run(TestNG.java:1067)
at org.testng.remote.AbstractRemoteTestNG.run(AbstractRemoteTestNG.java:115)
at org.testng.remote.RemoteTestNG.initAndRun(RemoteTestNG.java:251)
at org.testng.remote.RemoteTestNG.main(RemoteTestNG.java:77)
]]>
    </failure>
  </testcase> <!-- @BeforeTest setUp -->
  <testcase classname="EducacionIT.OpenHRM.Test_BonusTrack2b" name="loginHRM" time="0.0">
    <skipped/>
  </testcase> <!-- loginHRM -->
  <testcase classname="EducacionIT.OpenHRM.Test_BonusTrack2b" name="addUSER" time="0.0">
    <skipped/>
  </testcase> <!-- addUSER -->
  <testcase classname="EducacionIT.OpenHRM.Test_BonusTrack2b" name="delUser" time="0.0">
    <skipped/>
  </testcase> <!-- delUser -->
</testsuite> <!-- Default test -->
